<?xml version="1.0" encoding="UTF-8"?>
<!-- Generated by org.testng.reporters.JUnitXMLReporter -->
<testsuite hostname="SANTOSH-HPP" ignored="0" name="Command line test" tests="6" failures="0" timestamp="2020-05-21T16:03:36 IST" time="0.099" errors="0">
  <testcase name="NativeAppAndroid" time="0.01" classname="SKTest.MavenJava.AppiumTest"/>
  <testcase name="iosApp" time="0.001" classname="SKTest.MavenJava.AppiumTest"/>
  <testcase name="restAPI1" time="0.001" classname="SKTest.MavenJava.RestAPITest"/>
  <testcase name="restAPI2" time="0.001" classname="SKTest.MavenJava.RestAPITest"/>
  <testcase name="browserAutomation" time="0.002" classname="SKTest.MavenJava.SeleniumTest"/>
  <testcase name="uiElements" time="0.0" classname="SKTest.MavenJava.SeleniumTest"/>
</testsuite> <!-- Command line test -->
