<?xml version="1.0" encoding="UTF-8"?>
<!-- Generated by org.testng.reporters.JUnitXMLReporter -->
<testsuite hostname="SANTOSH-HPP" ignored="1" name="Test" tests="5" failures="0" timestamp="2020-05-18T14:44:21 IST" time="0.141" errors="0">
  <testcase name="iosApp" time="0.016" classname="SKTest.MavenJava.AppiumTest"/>
  <testcase name="restAPI1" time="0.003" classname="SKTest.MavenJava.RestAPITest"/>
  <testcase name="restAPI2" time="0.001" classname="SKTest.MavenJava.RestAPITest"/>
  <testcase name="browserAutomation" time="0.0" classname="SKTest.MavenJava.SeleniumTest"/>
  <testcase name="uiElements" time="0.002" classname="SKTest.MavenJava.SeleniumTest"/>
  <testcase name="NativeAppAndroid" time="0.0" classname="SKTest.MavenJava.AppiumTest">
    <ignored/>
  </testcase> <!-- NativeAppAndroid -->
</testsuite> <!-- Test -->
