<?xml version="1.0" encoding="UTF-8"?>
<testng-results skipped="0" failed="0" ignored="0" total="1" passed="1">
  <reporter-output>
  </reporter-output>
  <suite name="Default suite" duration-ms="59" started-at="2020-05-17T15:05:19 IST" finished-at="2020-05-17T15:05:19 IST">
    <groups>
    </groups>
    <test name="Default test" duration-ms="59" started-at="2020-05-17T15:05:19 IST" finished-at="2020-05-17T15:05:19 IST">
      <class name="SKTest.MavenJava.SeleniumTest">
        <test-method status="PASS" signature="browserAutomation()[pri:0, instance:SKTest.MavenJava.SeleniumTest@57536d79]" name="browserAutomation" duration-ms="10" started-at="2020-05-17T15:05:19 IST" finished-at="2020-05-17T15:05:19 IST">
          <reporter-output>
          </reporter-output>
        </test-method> <!-- browserAutomation -->
      </class> <!-- SKTest.MavenJava.SeleniumTest -->
    </test> <!-- Default test -->
  </suite> <!-- Default suite -->
</testng-results>
